0 info it worked if it ends with ok
1 verbose cli [ '/usr/local/bin/node', '/usr/local/bin/npm', 'run', 'server' ]
2 info using npm@3.10.3
3 info using node@v6.3.1
4 verbose run-script [ 'preserver', 'server', 'postserver' ]
5 info lifecycle bstest@0.1.0~preserver: bstest@0.1.0
6 silly lifecycle bstest@0.1.0~preserver: no script for preserver, continuing
7 info lifecycle bstest@0.1.0~server: bstest@0.1.0
8 verbose lifecycle bstest@0.1.0~server: unsafe-perm in lifecycle true
9 verbose lifecycle bstest@0.1.0~server: PATH: /usr/local/lib/node_modules/npm/bin/node-gyp-bin:/Users/z/Projects/ReasonML/reason-github-trending/node_modules/.bin:/usr/local/bin:/Users/z/Qt/5.8/clang_64/bin:/Users/z/.cargo/bin:/Users/z/.jenv/shims:/Users/z/.jenv/bin:/Users/z/.opam/4.02.3+buckle-master/bin:/Users/z/.opam/4.02.3+buckle-master/bin:/Users/z/.yarn/bin:/Applications/Postgres.app/Contents/Versions/latest/bin:/Users/z/Programs/flutter/bin:/Users/z/Projects/go/bin:/usr/local/go/bin:/usr/local/bin:/Users/z/Library/Android/sdk/ndk-bundle:/Users/z/Library/Android/sdk/tools:/Users/z/Library/Android/sdk/platform-tools:/Users/z/Programs/cow:/Users/z/bin/:/usr/local/bin:/usr/local/sbin:/usr/bin:/bin:/usr/sbin:/sbin:/Applications/Atom.app/Contents/Resources/app/apm/bin/
10 verbose lifecycle bstest@0.1.0~server: CWD: /Users/z/Projects/ReasonML/reason-github-trending
11 silly lifecycle bstest@0.1.0~server: Args: [ '-c',
11 silly lifecycle   'nodemon -w ./src/server -e re,js,rei,ml,mli --exec "cd server ; bsb -make-world -backend native ; ./lib/bs/native/main.native"' ]
12 silly lifecycle bstest@0.1.0~server: Returned: code: 1  signal: null
13 info lifecycle bstest@0.1.0~server: Failed to exec server script
14 verbose stack Error: bstest@0.1.0 server: `nodemon -w ./src/server -e re,js,rei,ml,mli --exec "cd server ; bsb -make-world -backend native ; ./lib/bs/native/main.native"`
14 verbose stack Exit status 1
14 verbose stack     at EventEmitter.<anonymous> (/usr/local/lib/node_modules/npm/lib/utils/lifecycle.js:242:16)
14 verbose stack     at emitTwo (events.js:106:13)
14 verbose stack     at EventEmitter.emit (events.js:191:7)
14 verbose stack     at ChildProcess.<anonymous> (/usr/local/lib/node_modules/npm/lib/utils/spawn.js:40:14)
14 verbose stack     at emitTwo (events.js:106:13)
14 verbose stack     at ChildProcess.emit (events.js:191:7)
14 verbose stack     at maybeClose (internal/child_process.js:852:16)
14 verbose stack     at Process.ChildProcess._handle.onexit (internal/child_process.js:215:5)
15 verbose pkgid bstest@0.1.0
16 verbose cwd /Users/z/Projects/ReasonML/reason-github-trending
17 error Darwin 16.4.0
18 error argv "/usr/local/bin/node" "/usr/local/bin/npm" "run" "server"
19 error node v6.3.1
20 error npm  v3.10.3
21 error code ELIFECYCLE
22 error bstest@0.1.0 server: `nodemon -w ./src/server -e re,js,rei,ml,mli --exec "cd server ; bsb -make-world -backend native ; ./lib/bs/native/main.native"`
22 error Exit status 1
23 error Failed at the bstest@0.1.0 server script 'nodemon -w ./src/server -e re,js,rei,ml,mli --exec "cd server ; bsb -make-world -backend native ; ./lib/bs/native/main.native"'.
23 error Make sure you have the latest version of node.js and npm installed.
23 error If you do, this is most likely a problem with the bstest package,
23 error not with npm itself.
23 error Tell the author that this fails on your system:
23 error     nodemon -w ./src/server -e re,js,rei,ml,mli --exec "cd server ; bsb -make-world -backend native ; ./lib/bs/native/main.native"
23 error You can get information on how to open an issue for this project with:
23 error     npm bugs bstest
23 error Or if that isn't available, you can get their info via:
23 error     npm owner ls bstest
23 error There is likely additional logging output above.
24 verbose exit [ 1, true ]
